<?xml version="1.0" encoding="UTF-8"?>
<testsuites name="AutomationTestingDay2" time="21.421" tests="1" failures="0" errors="0">
   <testsuite name="AutomationTestingDay2" tests="1" failures="0" errors="0" time="21.421" skipped="0" timestamp="2023-08-08 23:31:01" hostname="FireGroup - LAPTOP-O2VE9B77" id="Test Suites/AutomationTestingDay2">
      <properties>
         <property name="deviceName" value=""/>
         <property name="devicePlatform" value=""/>
         <property name="logFolder" value="C:\\Users\\FireGroup\\Katalon Studio\\AutomationTestTrainningDayBT2\\Reports\\20230808_233058\\AutomationTestingDay2\\20230808_233058"/>
         <property name="logFiles" value="C:\\Users\\FireGroup\\Katalon Studio\\AutomationTestTrainningDayBT2\\Reports\\20230808_233058\\AutomationTestingDay2\\20230808_233058\\execution0.log"/>
         <property name="attachments" value=""/>
         <property name="hostName" value="FireGroup - LAPTOP-O2VE9B77"/>
         <property name="os" value="Windows 10 64bit"/>
         <property name="katalonVersion" value="8.6.5.208"/>
         <property name="browser" value="Chrome 115.0.0.0"/>
         <property name="hostAddress" value="192.168.50.154"/>
         <property name="sessionId" value="61e0f70c821c5041e6de96bbbb5cba6b"/>
         <property name="seleniumVersion" value="3.141.59"/>
         <property name="proxyInformation" value="ProxyInformation { proxyOption=NO_PROXY, proxyServerType=HTTP, username=, password=********, proxyServerAddress=, proxyServerPort=0, executionList=&quot;&quot;, isApplyToDesiredCapabilities=true }"/>
         <property name="platform" value="Windows 10"/>
      </properties>
      <testcase name="Test Cases/LoginShopify/LoginShopify" time="21.079" classname="Test Cases/LoginShopify/LoginShopify" status="PASSED">
         <system-out><![CDATA[2023-08-08 23:31:01 - [TEST_CASE][PASSED] - Test Cases/LoginShopify/LoginShopify: Test Cases/LoginShopify/LoginShopify

2023-08-08 23:31:02 - [TEST_STEP][PASSED] - email = "khangluong1511@gmail.com": null

2023-08-08 23:31:02 - [TEST_STEP][PASSED] - password = "hlSDJfVt3+CVLMgWpbMKOQ==": null

2023-08-08 23:31:02 - [TEST_STEP][PASSED] - openBrowser(partner_host): Browser is opened with url: 'https://partners.shopify.com/2534934/stores/new?store_type=test_store&data_type=static_data'

2023-08-08 23:31:03 - [MESSAGE][INFO] - Starting 'Chrome' driver

2023-08-08 23:31:03 - [MESSAGE][INFO] - Action delay is set to 0 milliseconds

2023-08-08 23:31:09 - [MESSAGE][PASSED] - Browser is opened with url: 'https://partners.shopify.com/2534934/stores/new?store_type=test_store&data_type=static_data'

2023-08-08 23:31:09 - [TEST_STEP][PASSED] - maximizeWindow(): Current window maximized

2023-08-08 23:31:09 - [MESSAGE][PASSED] - Current window maximized

2023-08-08 23:31:09 - [TEST_STEP][PASSED] - sendKeys(input_email, email): Keys 'khangluong1511@gmail.com' sent to object: 'Object Repository/LoginShopifyPage/input_email'

2023-08-08 23:31:09 - [MESSAGE][PASSED] - Keys 'khangluong1511@gmail.com' sent to object: 'Object Repository/LoginShopifyPage/input_email'

2023-08-08 23:31:09 - [TEST_STEP][PASSED] - click(btn_login): Object: 'Object Repository/LoginShopifyPage/btn_login' is clicked on

2023-08-08 23:31:12 - [MESSAGE][PASSED] - Object: 'Object Repository/LoginShopifyPage/btn_login' is clicked on

2023-08-08 23:31:12 - [TEST_STEP][PASSED] - setEncryptedText(input_password, password): Text ****** has been set on object 'Object Repository/LoginShopifyPage/input_password'

2023-08-08 23:31:14 - [MESSAGE][PASSED] - Text ****** has been set on object 'Object Repository/LoginShopifyPage/input_password'

2023-08-08 23:31:14 - [TEST_STEP][PASSED] - click(btn_login): Object: 'Object Repository/LoginShopifyPage/btn_login' is clicked on

2023-08-08 23:31:19 - [MESSAGE][PASSED] - Object: 'Object Repository/LoginShopifyPage/btn_login' is clicked on

2023-08-08 23:31:19 - [TEST_STEP][PASSED] - delay(3): Delayed 3 second(s)

2023-08-08 23:31:22 - [MESSAGE][PASSED] - Delayed 3 second(s)]]></system-out>
         <system-err><![CDATA[]]></system-err>
      </testcase>
      <system-out><![CDATA[2023-08-08 23:31:01 - [TEST_SUITE][PASSED] - AutomationTestingDay2: Test Cases/LoginShopify/LoginShopify]]></system-out>
      <system-err><![CDATA[]]></system-err>
   </testsuite>
</testsuites>
